d:\my files\zepyrushook\cheat sources\osiris-master\osiris\release\gui.obj
d:\my files\zepyrushook\cheat sources\osiris-master\osiris\release\platform.obj
d:\my files\zepyrushook\cheat sources\osiris-master\osiris\release\visuals.obj
d:\my files\zepyrushook\cheat sources\osiris-master\osiris\release\imguicustom.obj
d:\my files\zepyrushook\cheat sources\osiris-master\osiris\release\esp.obj
d:\my files\zepyrushook\cheat sources\osiris-master\osiris\release\netvars.obj
d:\my files\zepyrushook\cheat sources\osiris-master\osiris\release\hooks.obj
d:\my files\zepyrushook\cheat sources\osiris-master\osiris\release\item_definitions.obj
d:\my files\zepyrushook\cheat sources\osiris-master\osiris\release\misc.obj
d:\my files\zepyrushook\cheat sources\osiris-master\osiris\release\osiris.obj
d:\my files\zepyrushook\cheat sources\osiris-master\osiris\release\glow.obj
d:\my files\zepyrushook\cheat sources\osiris-master\osiris\release\imgui.obj
d:\my files\zepyrushook\cheat sources\osiris-master\osiris\release\chams.obj
d:\my files\zepyrushook\cheat sources\osiris-master\osiris\release\imgui_impl_win32.obj
d:\my files\zepyrushook\cheat sources\osiris-master\osiris\release\config_.obj
d:\my files\zepyrushook\cheat sources\osiris-master\osiris\release\skinchanger.obj
d:\my files\zepyrushook\cheat sources\osiris-master\osiris\release\imgui_draw.obj
d:\my files\zepyrushook\cheat sources\osiris-master\osiris\release\jsoncpp.obj
d:\my files\zepyrushook\cheat sources\osiris-master\osiris\release\config.obj
d:\my files\zepyrushook\cheat sources\osiris-master\osiris\release\imgui_widgets.obj
d:\my files\zepyrushook\cheat sources\osiris-master\osiris\release\backtrack.obj
d:\my files\zepyrushook\cheat sources\osiris-master\osiris\release\imgui_impl_dx9.obj
d:\my files\zepyrushook\cheat sources\osiris-master\osiris\release\triggerbot.obj
d:\my files\zepyrushook\cheat sources\osiris-master\osiris\release\globalvars.obj
d:\my files\zepyrushook\cheat sources\osiris-master\osiris\release\memory.obj
d:\my files\zepyrushook\cheat sources\osiris-master\osiris\release\aimbot.obj
c:\users\nicho\desktop\osiris-master\osiris\release\imguicustom.obj
c:\users\nicho\desktop\osiris-master\osiris\release\config_.obj
c:\users\nicho\desktop\osiris-master\osiris\release\skinchanger.obj
c:\users\nicho\desktop\osiris-master\osiris\release\imgui_widgets.obj
c:\users\nicho\desktop\osiris-master\osiris\release\config.obj
c:\users\nicho\desktop\osiris-master\osiris\release\chams.obj
c:\users\nicho\desktop\osiris-master\osiris\release\imgui_impl_win32.obj
c:\users\nicho\desktop\osiris-master\osiris\release\globalvars.obj
c:\users\nicho\desktop\osiris-master\osiris\release\triggerbot.obj
c:\users\nicho\desktop\osiris-master\osiris\release\imgui.obj
c:\users\nicho\desktop\osiris-master\osiris\release\netvars.obj
c:\users\nicho\desktop\osiris-master\osiris\release\imgui_draw.obj
c:\users\nicho\desktop\osiris-master\osiris\release\memory.obj
c:\users\nicho\desktop\osiris-master\osiris\release\aimbot.obj
c:\users\nicho\desktop\osiris-master\osiris\release\osiris.obj
c:\users\nicho\desktop\osiris-master\osiris\release\jsoncpp.obj
c:\users\nicho\desktop\osiris-master\osiris\release\item_definitions.obj
c:\users\nicho\desktop\osiris-master\osiris\release\gui.obj
c:\users\nicho\desktop\osiris-master\osiris\release\glow.obj
c:\users\nicho\desktop\osiris-master\osiris\release\imgui_impl_dx9.obj
c:\users\nicho\desktop\osiris-master\osiris\release\visuals.obj
c:\users\nicho\desktop\osiris-master\osiris\release\platform.obj
c:\users\nicho\desktop\osiris-master\osiris\release\backtrack.obj
c:\users\nicho\desktop\osiris-master\osiris\release\misc.obj
c:\users\nicho\desktop\osiris-master\osiris\release\esp.obj
c:\users\nicho\desktop\osiris-master\osiris\release\hooks.obj
d:\my files\zepyrushook\cheat sources\osiris-master\release\osiris.dll
c:\users\nicho\desktop\osiris-master\release\osiris.dll
c:\users\nicho\desktop\osiris-master\osiris\release\osiris.tlog\cl.command.1.tlog
c:\users\nicho\desktop\osiris-master\osiris\release\osiris.tlog\cl.read.1.tlog
c:\users\nicho\desktop\osiris-master\osiris\release\osiris.tlog\cl.write.1.tlog
c:\users\nicho\desktop\osiris-master\osiris\release\osiris.tlog\link.command.1.tlog
c:\users\nicho\desktop\osiris-master\osiris\release\osiris.tlog\link.read.1.tlog
c:\users\nicho\desktop\osiris-master\osiris\release\osiris.tlog\link.write.1.tlog
