c:\users\zelly\desktop\venge-brisk\venge\release\skinchanger.obj
c:\users\zelly\desktop\venge-brisk\venge\release\imgui_draw.obj
c:\users\zelly\desktop\venge-brisk\venge\release\globalvars.obj
c:\users\zelly\desktop\venge-brisk\venge\release\aimbot.obj
c:\users\zelly\desktop\venge-brisk\venge\release\platform.obj
c:\users\zelly\desktop\venge-brisk\venge\release\glow.obj
c:\users\zelly\desktop\venge-brisk\venge\release\imgui.obj
c:\users\zelly\desktop\venge-brisk\venge\release\imguicustom.obj
c:\users\zelly\desktop\venge-brisk\venge\release\config_.obj
c:\users\zelly\desktop\venge-brisk\venge\release\config.obj
c:\users\zelly\desktop\venge-brisk\venge\release\imgui_impl_win32.obj
c:\users\zelly\desktop\venge-brisk\venge\release\netvars.obj
c:\users\zelly\desktop\venge-brisk\venge\release\imgui_widgets.obj
c:\users\zelly\desktop\venge-brisk\venge\release\triggerbot.obj
c:\users\zelly\desktop\venge-brisk\venge\release\hooks.obj
c:\users\zelly\desktop\venge-brisk\venge\release\visuals.obj
c:\users\zelly\desktop\venge-brisk\venge\release\misc.obj
c:\users\zelly\desktop\venge-brisk\venge\release\jsoncpp.obj
c:\users\zelly\desktop\venge-brisk\venge\release\item_definitions.obj
c:\users\zelly\desktop\venge-brisk\venge\release\memory.obj
c:\users\zelly\desktop\venge-brisk\venge\release\backtrack.obj
c:\users\zelly\desktop\venge-brisk\venge\release\gui.obj
c:\users\zelly\desktop\venge-brisk\venge\release\chams.obj
c:\users\zelly\desktop\venge-brisk\venge\release\imgui_impl_dx9.obj
c:\users\zelly\desktop\venge-brisk\venge\release\esp.obj
c:\users\zelly\desktop\venge-brisk\venge\release\venge.obj
c:\users\zelly\desktop\venge-brisk\release\registerapi.dll
c:\users\zelly\desktop\venge-brisk\venge\release\venge-club-legit.tlog\cl.command.1.tlog
c:\users\zelly\desktop\venge-brisk\venge\release\venge-club-legit.tlog\cl.read.1.tlog
c:\users\zelly\desktop\venge-brisk\venge\release\venge-club-legit.tlog\cl.write.1.tlog
c:\users\zelly\desktop\venge-brisk\venge\release\venge-club-legit.tlog\link.command.1.tlog
c:\users\zelly\desktop\venge-brisk\venge\release\venge-club-legit.tlog\link.read.1.tlog
c:\users\zelly\desktop\venge-brisk\venge\release\venge-club-legit.tlog\link.write.1.tlog
